<?xml version="1.0" encoding="UTF-8"?>
<testsuite xmlns:xsi="http://www.w3.org/2001/XMLSchema-instance" xsi:noNamespaceSchemaLocation="https://maven.apache.org/surefire/maven-surefire-plugin/xsd/surefire-test-report-3.0.xsd" version="3.0" name="pl.akademiaqa.tests.FilterByPriceTest" time="54.451" tests="1" errors="0" skipped="0" failures="0">
  <properties>
[...]
</properties>
  <testcase name="should_return_products_by_price_greater_than_40_by_mouse" classname="pl.akademiaqa.tests.FilterByPriceTest" time="20.116"/>
</testsuite>